<?xml version="1.0" encoding="UTF-8"?>
<!-- Generated by org.testng.reporters.JUnitReportReporter -->
<testsuite hostname="DESKTOP-2GP96BE" failures="0" tests="2" name="com.sportyshoe.PostandPutnewshoe" time="1.424" errors="0" timestamp="2024-01-26T09:23:28 IST" skipped="0">
  <testcase classname="com.sportyshoe.PostandPutnewshoe" name="add_new_product" time="1.385"/>
  <system-out/>
  <testcase classname="com.sportyshoe.PostandPutnewshoe" name="update_a_product" time="0.039"/>
  <system-out/>
</testsuite> <!-- com.sportyshoe.PostandPutnewshoe -->
