<?xml version="1.0" encoding="UTF-8"?>
<!-- Generated by org.testng.reporters.JUnitReportReporter -->
<testsuite hostname="DESKTOP-2GP96BE" failures="0" tests="1" name="com.sportyshoe.runner.setupcheck" time="1.961" errors="0" timestamp="2024-01-26T10:16:32 IST" skipped="0">
  <testcase classname="com.sportyshoe.runner.setupcheck" name="Amazonsteps" time="1.961"/>
  <system-out/>
</testsuite> <!-- com.sportyshoe.runner.setupcheck -->
