<?xml version="1.0" encoding="UTF-8"?>
<!-- Generated by org.testng.reporters.JUnitReportReporter -->
<testsuite hostname="DESKTOP-2GP96BE" failures="0" tests="2" name="com.sportyshoe.GetAllshoes" time="1.444" errors="0" timestamp="2024-01-26T09:23:18 IST" skipped="0">
  <testcase classname="com.sportyshoe.GetAllshoes" name="get_all_shoes" time="1.428"/>
  <system-out/>
  <testcase classname="com.sportyshoe.GetAllshoes" name="get_all_users" time="0.016"/>
  <system-out/>
</testsuite> <!-- com.sportyshoe.GetAllshoes -->
