<?xml version="1.0" encoding="UTF-8"?>
<!-- Generated by org.testng.reporters.JUnitReportReporter -->
<testsuite hostname="DESKTOP-2GP96BE" failures="0" tests="3" name="com.sportyshoe.Test.OrderpageTest" time="0.757" errors="0" timestamp="2024-01-26T15:21:41 IST" skipped="0">
  <testcase classname="com.sportyshoe.Test.OrderpageTest" name="test_login" time="0.635"/>
  <system-out/>
  <testcase classname="com.sportyshoe.Test.OrderpageTest" name="test_click_orders" time="0.109"/>
  <system-out/>
  <testcase classname="com.sportyshoe.Test.OrderpageTest" name="test_getTitle_page" time="0.013"/>
  <system-out/>
</testsuite> <!-- com.sportyshoe.Test.OrderpageTest -->
