<?xml version="1.0" encoding="UTF-8"?>
<!-- Generated by org.testng.reporters.JUnitReportReporter -->
<testsuite hostname="DESKTOP-2GP96BE" failures="0" tests="3" name="com.sportyshoe.Test.HomePageTest" time="1.694" errors="0" timestamp="2024-01-26T10:04:00 IST" skipped="0">
  <testcase classname="com.sportyshoe.Test.HomePageTest" name="test_getTitle_page" time="0.016"/>
  <system-out/>
  <testcase classname="com.sportyshoe.Test.HomePageTest" name="Test_Validate_Text_On_Page" time="0.035"/>
  <system-out/>
  <testcase classname="com.sportyshoe.Test.HomePageTest" name="test_click_register_link" time="1.643"/>
  <system-out/>
</testsuite> <!-- com.sportyshoe.Test.HomePageTest -->
