<?xml version="1.0" encoding="UTF-8"?>
<!-- Generated by org.testng.reporters.JUnitReportReporter -->
<testsuite hostname="DESKTOP-2GP96BE" failures="0" tests="1" name="com.sportyshoe.Deleteshoe" time="1.666" errors="0" timestamp="2024-01-26T09:23:09 IST" skipped="0">
  <testcase classname="com.sportyshoe.Deleteshoe" name="delete_product" time="1.666"/>
  <system-out/>
</testsuite> <!-- com.sportyshoe.Deleteshoe -->
